{
  "RSpec": {
    "coverage": {
      "/home/raghu-n-yadav/Desktop/bookstore/spec/features/bookspage_spec.rb": {
        "lines": [
          1,
          null,
          1,
          1,
          5,
          1,
          1,
          1,
          1,
          1,
          null,
          null,
          1,
          1,
          1,
          1,
          null,
          null,
          1,
          1,
          1,
          1,
          1,
          1,
          null,
          1,
          1,
          null,
          null,
          1,
          1,
          1,
          1,
          1,
          null,
          1,
          1,
          null,
          null,
          1,
          1,
          1,
          1,
          1,
          1,
          null,
          1,
          1,
          1,
          null,
          null,
          1,
          1,
          1,
          1,
          1,
          1,
          null,
          1,
          1,
          1,
          null,
          null,
          null,
          null
        ]
      },
      "/home/raghu-n-yadav/Desktop/bookstore/spec/rails_helper.rb": {
        "lines": [
          null,
          1,
          1,
          1,
          null,
          1,
          1,
          2,
          1,
          null,
          null,
          null,
          null,
          null,
          null,
          null,
          null,
          null,
          null,
          null,
          null,
          null,
          null,
          null,
          null,
          null,
          null,
          null,
          null,
          1,
          null,
          0,
          0,
          null,
          1,
          null,
          1,
          null,
          null,
          null,
          null,
          1,
          null,
          null,
          null,
          null,
          null,
          null,
          null,
          null,
          null,
          null,
          null,
          null,
          null,
          null,
          null,
          null,
          null,
          1,
          null,
          null,
          1,
          null,
          null,
          null
        ]
      },
      "/home/raghu-n-yadav/Desktop/bookstore/config/environment.rb": {
        "lines": [
          null,
          1,
          null,
          null,
          1
        ]
      },
      "/home/raghu-n-yadav/Desktop/bookstore/config/application.rb": {
        "lines": [
          1,
          null,
          1,
          null,
          null,
          null,
          1,
          null,
          1,
          1,
          null,
          1,
          null,
          null,
          null,
          null,
          null,
          null,
          null
        ]
      },
      "/home/raghu-n-yadav/Desktop/bookstore/config/boot.rb": {
        "lines": [
          1,
          null,
          1,
          1
        ]
      },
      "/home/raghu-n-yadav/Desktop/bookstore/config/environments/test.rb": {
        "lines": [
          1,
          null,
          null,
          null,
          null,
          null,
          null,
          1,
          null,
          null,
          null,
          null,
          1,
          null,
          null,
          1,
          1,
          null,
          null,
          null,
          null,
          1,
          1,
          null,
          null,
          1,
          null,
          null,
          1,
          null,
          null,
          1,
          null,
          1,
          null,
          null,
          null,
          null,
          1,
          null,
          null,
          1,
          null,
          null,
          null,
          null
        ]
      },
      "/home/raghu-n-yadav/Desktop/bookstore/config/initializers/application_controller_renderer.rb": {
        "lines": [
          null,
          null,
          null,
          null,
          null,
          null,
          null,
          null
        ]
      },
      "/home/raghu-n-yadav/Desktop/bookstore/config/initializers/assets.rb": {
        "lines": [
          null,
          null,
          null,
          1,
          null,
          null,
          null,
          null,
          1,
          null,
          null,
          null,
          null,
          null
        ]
      },
      "/home/raghu-n-yadav/Desktop/bookstore/config/initializers/backtrace_silencers.rb": {
        "lines": [
          null,
          null,
          null,
          null,
          null,
          null,
          null
        ]
      },
      "/home/raghu-n-yadav/Desktop/bookstore/config/initializers/content_security_policy.rb": {
        "lines": [
          null,
          null,
          null,
          null,
          null,
          null,
          null,
          null,
          null,
          null,
          null,
          null,
          null,
          null,
          null,
          null,
          null,
          null,
          null,
          null,
          null,
          null,
          null,
          null,
          null
        ]
      },
      "/home/raghu-n-yadav/Desktop/bookstore/config/initializers/cookies_serializer.rb": {
        "lines": [
          null,
          null,
          null,
          null,
          1
        ]
      },
      "/home/raghu-n-yadav/Desktop/bookstore/config/initializers/filter_parameter_logging.rb": {
        "lines": [
          null,
          null,
          null,
          1
        ]
      },
      "/home/raghu-n-yadav/Desktop/bookstore/config/initializers/inflections.rb": {
        "lines": [
          null,
          null,
          null,
          null,
          null,
          null,
          null,
          null,
          null,
          null,
          null,
          null,
          null,
          null,
          null,
          null
        ]
      },
      "/home/raghu-n-yadav/Desktop/bookstore/config/initializers/mime_types.rb": {
        "lines": [
          null,
          null,
          null,
          null
        ]
      },
      "/home/raghu-n-yadav/Desktop/bookstore/config/initializers/wrap_parameters.rb": {
        "lines": [
          null,
          null,
          null,
          null,
          null,
          null,
          1,
          2,
          null,
          null,
          null,
          null,
          null,
          null
        ]
      },
      "/home/raghu-n-yadav/Desktop/bookstore/spec/factories/books.rb": {
        "lines": [
          1,
          1,
          10,
          10,
          10,
          10,
          null,
          null
        ]
      },
      "/home/raghu-n-yadav/Desktop/bookstore/spec/factories/students.rb": {
        "lines": [
          1,
          1,
          7,
          7,
          7,
          7,
          7,
          null,
          null
        ]
      },
      "/home/raghu-n-yadav/Desktop/bookstore/spec/factories/users.rb": {
        "lines": [
          1,
          1,
          10,
          10,
          10,
          null,
          null
        ]
      },
      "/home/raghu-n-yadav/Desktop/bookstore/config/routes.rb": {
        "lines": [
          1,
          1,
          null,
          1,
          null,
          1,
          null,
          1,
          null,
          1,
          null,
          1,
          null,
          1,
          null,
          1,
          null,
          1,
          1,
          null,
          1,
          1,
          1,
          null,
          1,
          null,
          null,
          null
        ]
      },
      "/home/raghu-n-yadav/Desktop/bookstore/app/helpers/admins_helper.rb": {
        "lines": [
          1,
          null
        ]
      },
      "/home/raghu-n-yadav/Desktop/bookstore/app/helpers/application_helper.rb": {
        "lines": [
          1,
          null
        ]
      },
      "/home/raghu-n-yadav/Desktop/bookstore/app/helpers/registration_helper.rb": {
        "lines": [
          1,
          null
        ]
      },
      "/home/raghu-n-yadav/Desktop/bookstore/app/helpers/sessions_helper.rb": {
        "lines": [
          1,
          null
        ]
      },
      "/home/raghu-n-yadav/Desktop/bookstore/spec/support/factory_bot.rb": {
        "lines": [
          1,
          1,
          null
        ]
      },
      "/home/raghu-n-yadav/Desktop/bookstore/spec/features/registration_spec.rb": {
        "lines": [
          1,
          null,
          1,
          1,
          1,
          1,
          1,
          null,
          null,
          null,
          1,
          4,
          null,
          1,
          3,
          3,
          3,
          null,
          null,
          1,
          1,
          1,
          null,
          null,
          1,
          1,
          1,
          null,
          null,
          1,
          1,
          1,
          1,
          null,
          null,
          null
        ]
      },
      "/home/raghu-n-yadav/Desktop/bookstore/spec/features/sessions_spec.rb": {
        "lines": [
          1,
          null,
          1,
          1,
          1,
          1,
          1,
          null,
          null,
          null,
          1,
          1,
          1,
          1,
          null,
          null,
          1,
          1,
          1,
          1,
          null,
          null,
          1,
          3,
          null,
          1,
          2,
          2,
          null,
          null,
          1,
          1,
          1,
          null,
          null,
          1,
          1,
          1,
          null,
          null,
          null,
          null
        ]
      },
      "/home/raghu-n-yadav/Desktop/bookstore/spec/helpers/admins_helper_spec.rb": {
        "lines": [
          1,
          null,
          null,
          null,
          null,
          null,
          null,
          null,
          null,
          null,
          null,
          null,
          1,
          1,
          null
        ]
      },
      "/home/raghu-n-yadav/Desktop/bookstore/spec/helpers/registration_helper_spec.rb": {
        "lines": [
          1,
          null,
          null,
          null,
          null,
          null,
          null,
          null,
          null,
          null,
          null,
          null,
          1,
          1,
          null
        ]
      },
      "/home/raghu-n-yadav/Desktop/bookstore/spec/helpers/sessions_helper_spec.rb": {
        "lines": [
          1,
          null,
          null,
          null,
          null,
          null,
          null,
          null,
          null,
          null,
          null,
          null,
          1,
          1,
          null
        ]
      },
      "/home/raghu-n-yadav/Desktop/bookstore/spec/models/book_spec.rb": {
        "lines": [
          1,
          null,
          1,
          1,
          5,
          null,
          1,
          1,
          1,
          null,
          null,
          1,
          1,
          1,
          null,
          null,
          1,
          1,
          1,
          null,
          null,
          1,
          1,
          1,
          null,
          null,
          null
        ]
      },
      "/home/raghu-n-yadav/Desktop/bookstore/app/models/book.rb": {
        "lines": [
          1,
          1,
          1,
          1,
          1,
          null
        ]
      },
      "/home/raghu-n-yadav/Desktop/bookstore/app/models/application_record.rb": {
        "lines": [
          1,
          1,
          null
        ]
      },
      "/home/raghu-n-yadav/Desktop/bookstore/spec/models/student_spec.rb": {
        "lines": [
          1,
          null,
          1,
          1,
          7,
          null,
          1,
          1,
          1,
          null,
          1,
          1,
          1,
          null,
          null,
          1,
          1,
          1,
          null,
          null,
          1,
          1,
          1,
          null,
          null,
          1,
          1,
          1,
          null,
          null,
          1,
          1,
          null,
          null,
          null
        ]
      },
      "/home/raghu-n-yadav/Desktop/bookstore/app/models/student.rb": {
        "lines": [
          1,
          1,
          null
        ]
      },
      "/home/raghu-n-yadav/Desktop/bookstore/spec/models/user_spec.rb": {
        "lines": [
          1,
          null,
          1,
          1,
          5,
          null,
          1,
          1,
          1,
          null,
          null,
          1,
          1,
          1,
          null,
          null,
          1,
          1,
          1,
          null,
          null,
          1,
          1,
          null,
          null,
          null
        ]
      },
      "/home/raghu-n-yadav/Desktop/bookstore/app/models/user.rb": {
        "lines": [
          1,
          1,
          1,
          1,
          null
        ]
      },
      "/home/raghu-n-yadav/Desktop/bookstore/spec/requests/admins_spec.rb": {
        "lines": [
          1,
          null,
          1,
          1,
          1,
          1,
          1,
          null,
          null,
          null
        ]
      },
      "/home/raghu-n-yadav/Desktop/bookstore/spec/requests/bookspage_spec.rb": {
        "lines": [
          1,
          null,
          1,
          1,
          2,
          null,
          1,
          1,
          1,
          null,
          null,
          1,
          1,
          1,
          null,
          null,
          null
        ]
      },
      "/home/raghu-n-yadav/Desktop/bookstore/spec/requests/registration_spec.rb": {
        "lines": [
          1,
          null,
          1,
          1,
          1,
          null,
          1,
          1,
          1,
          null,
          null,
          null
        ]
      },
      "/home/raghu-n-yadav/Desktop/bookstore/spec/requests/sessions_spec.rb": {
        "lines": [
          1,
          null,
          1,
          1,
          null,
          1,
          1,
          1,
          null,
          null,
          1,
          1,
          1,
          null,
          null,
          null
        ]
      },
      "/home/raghu-n-yadav/Desktop/bookstore/app/controllers/bookspage_controller.rb": {
        "lines": [
          1,
          1,
          6,
          null,
          null,
          1,
          7,
          null,
          null,
          1,
          5,
          null,
          5,
          4,
          null,
          1,
          1,
          1,
          1,
          null,
          null,
          null,
          1,
          null,
          1,
          5,
          null,
          null
        ]
      },
      "/home/raghu-n-yadav/Desktop/bookstore/app/controllers/application_controller.rb": {
        "lines": [
          1,
          null,
          1,
          null,
          1,
          40,
          1,
          null,
          null,
          null,
          1,
          0,
          null,
          null
        ]
      },
      "/home/raghu-n-yadav/Desktop/bookstore/app/models/current.rb": {
        "lines": [
          1,
          1,
          null
        ]
      },
      "/home/raghu-n-yadav/Desktop/bookstore/app/controllers/bookissue_controller.rb": {
        "lines": [
          1,
          1,
          1,
          1,
          null,
          null,
          1,
          1,
          null,
          null,
          1,
          0,
          null,
          0,
          0,
          0,
          0,
          0,
          0,
          0,
          0,
          null,
          0,
          0,
          0,
          0,
          null,
          null,
          null,
          1,
          0,
          0,
          null,
          0,
          0,
          0,
          0,
          null,
          null,
          1,
          null,
          1,
          0,
          null,
          null
        ]
      },
      "/home/raghu-n-yadav/Desktop/bookstore/app/controllers/admins_controller.rb": {
        "lines": [
          1,
          1,
          5,
          null,
          null,
          null
        ]
      },
      "/home/raghu-n-yadav/Desktop/bookstore/app/controllers/registration_controller.rb": {
        "lines": [
          1,
          1,
          0,
          null,
          1,
          5,
          null,
          null,
          1,
          3,
          null,
          3,
          1,
          1,
          null,
          2,
          2,
          null,
          null,
          null,
          1,
          null,
          1,
          3,
          null,
          null
        ]
      },
      "/home/raghu-n-yadav/Desktop/bookstore/app/controllers/sessions_controller.rb": {
        "lines": [
          1,
          1,
          0,
          0,
          null,
          null,
          1,
          null,
          null,
          1,
          3,
          null,
          3,
          0,
          0,
          null,
          3,
          3,
          null,
          null,
          null,
          null
        ]
      }
    },
    "timestamp": 1645010856
  }
}
